<?xml version="1.0" encoding="UTF-8"?>
<!-- Generated by org.testng.reporters.JUnitReportReporter -->
<testsuite skipped="0" hostname="LAPTOP-BPL6MCEE" name="test.LoginTest" tests="1" failures="0" timestamp="2021-05-28T15:52:33 CDT" time="9.152" errors="0">
  <testcase name="logintest" time="9.152" classname="test.LoginTest"/>
  <system-out/>
</testsuite> <!-- test.LoginTest -->
