<?xml version="1.0" encoding="UTF-8"?>
<!-- Generated by org.testng.reporters.JUnitReportReporter -->
<testsuite skipped="0" hostname="LAPTOP-BPL6MCEE" name="test.DashboardTest" tests="1" failures="0" timestamp="2021-05-28T15:46:43 CDT" time="10.856" errors="0">
  <testcase name="addingcustomerdetails" time="10.856" classname="test.DashboardTest"/>
  <system-out/>
</testsuite> <!-- test.DashboardTest -->
