<?xml version="1.0" encoding="UTF-8"?>
<!-- Generated by org.testng.reporters.JUnitReportReporter -->
<testsuite skipped="0" hostname="LAPTOP-BPL6MCEE" name="util.BrowserFactory" tests="1" failures="0" timestamp="2021-05-27T18:09:22 CDT" time="2.849" errors="0">
  <testcase name="init" time="2.849" classname="util.BrowserFactory"/>
  <system-out/>
</testsuite> <!-- util.BrowserFactory -->
